This is pdfTeX, Version 3.14159265-2.6-1.40.17 (TeX Live 2016) (preloaded format=pdflatex 2018.8.16)  20 NOV 2018 18:00
entering extended mode
 restricted \write18 enabled.
 %&-line parsing enabled.
**target.tex
(./target.tex
LaTeX2e <2016/03/31>
Babel <3.9r> and hyphenation patterns for 83 language(s) loaded.
(/opt/tex/texlive2016/texmf-dist/tex/latex/base/article.cls
Document Class: article 2014/09/29 v1.4h Standard LaTeX document class
(/opt/tex/texlive2016/texmf-dist/tex/latex/base/size11.clo
File: size11.clo 2014/09/29 v1.4h Standard LaTeX file (size option)
)
\c@part=\count79
\c@section=\count80
\c@subsection=\count81
\c@subsubsection=\count82
\c@paragraph=\count83
\c@subparagraph=\count84
\c@figure=\count85
\c@table=\count86
\abovecaptionskip=\skip41
\belowcaptionskip=\skip42
\bibindent=\dimen102
)
(/opt/tex/texlive2016/texmf-dist/tex/latex/base/fontenc.sty
Package: fontenc 2005/09/27 v1.99g Standard LaTeX package

(/opt/tex/texlive2016/texmf-dist/tex/latex/base/t1enc.def
File: t1enc.def 2005/09/27 v1.99g Standard LaTeX file
LaTeX Font Info:    Redeclaring font encoding T1 on input line 48.
))
(/opt/tex/texlive2016/texmf-dist/tex/latex/base/inputenc.sty
Package: inputenc 2015/03/17 v1.2c Input encoding file
\inpenc@prehook=\toks14
\inpenc@posthook=\toks15

(/opt/tex/texlive2016/texmf-dist/tex/latex/base/utf8.def
File: utf8.def 2016/02/28 v1.1s UTF-8 support for inputenc
Now handling font encoding OML ...
... no UTF-8 mapping file for font encoding OML
Now handling font encoding T1 ...
... processing UTF-8 mapping file for font encoding T1

(/opt/tex/texlive2016/texmf-dist/tex/latex/base/t1enc.dfu
File: t1enc.dfu 2016/02/28 v1.1s UTF-8 support for inputenc
   defining Unicode char U+00A0 (decimal 160)
   defining Unicode char U+00A1 (decimal 161)
   defining Unicode char U+00A3 (decimal 163)
   defining Unicode char U+00AB (decimal 171)
   defining Unicode char U+00AD (decimal 173)
   defining Unicode char U+00BB (decimal 187)
   defining Unicode char U+00BF (decimal 191)
   defining Unicode char U+00C0 (decimal 192)
   defining Unicode char U+00C1 (decimal 193)
   defining Unicode char U+00C2 (decimal 194)
   defining Unicode char U+00C3 (decimal 195)
   defining Unicode char U+00C4 (decimal 196)
   defining Unicode char U+00C5 (decimal 197)
   defining Unicode char U+00C6 (decimal 198)
   defining Unicode char U+00C7 (decimal 199)
   defining Unicode char U+00C8 (decimal 200)
   defining Unicode char U+00C9 (decimal 201)
   defining Unicode char U+00CA (decimal 202)
   defining Unicode char U+00CB (decimal 203)
   defining Unicode char U+00CC (decimal 204)
   defining Unicode char U+00CD (decimal 205)
   defining Unicode char U+00CE (decimal 206)
   defining Unicode char U+00CF (decimal 207)
   defining Unicode char U+00D0 (decimal 208)
   defining Unicode char U+00D1 (decimal 209)
   defining Unicode char U+00D2 (decimal 210)
   defining Unicode char U+00D3 (decimal 211)
   defining Unicode char U+00D4 (decimal 212)
   defining Unicode char U+00D5 (decimal 213)
   defining Unicode char U+00D6 (decimal 214)
   defining Unicode char U+00D8 (decimal 216)
   defining Unicode char U+00D9 (decimal 217)
   defining Unicode char U+00DA (decimal 218)
   defining Unicode char U+00DB (decimal 219)
   defining Unicode char U+00DC (decimal 220)
   defining Unicode char U+00DD (decimal 221)
   defining Unicode char U+00DE (decimal 222)
   defining Unicode char U+00DF (decimal 223)
   defining Unicode char U+00E0 (decimal 224)
   defining Unicode char U+00E1 (decimal 225)
   defining Unicode char U+00E2 (decimal 226)
   defining Unicode char U+00E3 (decimal 227)
   defining Unicode char U+00E4 (decimal 228)
   defining Unicode char U+00E5 (decimal 229)
   defining Unicode char U+00E6 (decimal 230)
   defining Unicode char U+00E7 (decimal 231)
   defining Unicode char U+00E8 (decimal 232)
   defining Unicode char U+00E9 (decimal 233)
   defining Unicode char U+00EA (decimal 234)
   defining Unicode char U+00EB (decimal 235)
   defining Unicode char U+00EC (decimal 236)
   defining Unicode char U+00ED (decimal 237)
   defining Unicode char U+00EE (decimal 238)
   defining Unicode char U+00EF (decimal 239)
   defining Unicode char U+00F0 (decimal 240)
   defining Unicode char U+00F1 (decimal 241)
   defining Unicode char U+00F2 (decimal 242)
   defining Unicode char U+00F3 (decimal 243)
   defining Unicode char U+00F4 (decimal 244)
   defining Unicode char U+00F5 (decimal 245)
   defining Unicode char U+00F6 (decimal 246)
   defining Unicode char U+00F8 (decimal 248)
   defining Unicode char U+00F9 (decimal 249)
   defining Unicode char U+00FA (decimal 250)
   defining Unicode char U+00FB (decimal 251)
   defining Unicode char U+00FC (decimal 252)
   defining Unicode char U+00FD (decimal 253)
   defining Unicode char U+00FE (decimal 254)
   defining Unicode char U+00FF (decimal 255)
   defining Unicode char U+0100 (decimal 256)
   defining Unicode char U+0101 (decimal 257)
   defining Unicode char U+0102 (decimal 258)
   defining Unicode char U+0103 (decimal 259)
   defining Unicode char U+0104 (decimal 260)
   defining Unicode char U+0105 (decimal 261)
   defining Unicode char U+0106 (decimal 262)
   defining Unicode char U+0107 (decimal 263)
   defining Unicode char U+0108 (decimal 264)
   defining Unicode char U+0109 (decimal 265)
   defining Unicode char U+010A (decimal 266)
   defining Unicode char U+010B (decimal 267)
   defining Unicode char U+010C (decimal 268)
   defining Unicode char U+010D (decimal 269)
   defining Unicode char U+010E (decimal 270)
   defining Unicode char U+010F (decimal 271)
   defining Unicode char U+0110 (decimal 272)
   defining Unicode char U+0111 (decimal 273)
   defining Unicode char U+0112 (decimal 274)
   defining Unicode char U+0113 (decimal 275)
   defining Unicode char U+0114 (decimal 276)
   defining Unicode char U+0115 (decimal 277)
   defining Unicode char U+0116 (decimal 278)
   defining Unicode char U+0117 (decimal 279)
   defining Unicode char U+0118 (decimal 280)
   defining Unicode char U+0119 (decimal 281)
   defining Unicode char U+011A (decimal 282)
   defining Unicode char U+011B (decimal 283)
   defining Unicode char U+011C (decimal 284)
   defining Unicode char U+011D (decimal 285)
   defining Unicode char U+011E (decimal 286)
   defining Unicode char U+011F (decimal 287)
   defining Unicode char U+0120 (decimal 288)
   defining Unicode char U+0121 (decimal 289)
   defining Unicode char U+0122 (decimal 290)
   defining Unicode char U+0123 (decimal 291)
   defining Unicode char U+0124 (decimal 292)
   defining Unicode char U+0125 (decimal 293)
   defining Unicode char U+0128 (decimal 296)
   defining Unicode char U+0129 (decimal 297)
   defining Unicode char U+012A (decimal 298)
   defining Unicode char U+012B (decimal 299)
   defining Unicode char U+012C (decimal 300)
   defining Unicode char U+012D (decimal 301)
   defining Unicode char U+012E (decimal 302)
   defining Unicode char U+012F (decimal 303)
   defining Unicode char U+0130 (decimal 304)
   defining Unicode char U+0131 (decimal 305)
   defining Unicode char U+0132 (decimal 306)
   defining Unicode char U+0133 (decimal 307)
   defining Unicode char U+0134 (decimal 308)
   defining Unicode char U+0135 (decimal 309)
   defining Unicode char U+0136 (decimal 310)
   defining Unicode char U+0137 (decimal 311)
   defining Unicode char U+0139 (decimal 313)
   defining Unicode char U+013A (decimal 314)
   defining Unicode char U+013B (decimal 315)
   defining Unicode char U+013C (decimal 316)
   defining Unicode char U+013D (decimal 317)
   defining Unicode char U+013E (decimal 318)
   defining Unicode char U+0141 (decimal 321)
   defining Unicode char U+0142 (decimal 322)
   defining Unicode char U+0143 (decimal 323)
   defining Unicode char U+0144 (decimal 324)
   defining Unicode char U+0145 (decimal 325)
   defining Unicode char U+0146 (decimal 326)
   defining Unicode char U+0147 (decimal 327)
   defining Unicode char U+0148 (decimal 328)
   defining Unicode char U+014A (decimal 330)
   defining Unicode char U+014B (decimal 331)
   defining Unicode char U+014C (decimal 332)
   defining Unicode char U+014D (decimal 333)
   defining Unicode char U+014E (decimal 334)
   defining Unicode char U+014F (decimal 335)
   defining Unicode char U+0150 (decimal 336)
   defining Unicode char U+0151 (decimal 337)
   defining Unicode char U+0152 (decimal 338)
   defining Unicode char U+0153 (decimal 339)
   defining Unicode char U+0154 (decimal 340)
   defining Unicode char U+0155 (decimal 341)
   defining Unicode char U+0156 (decimal 342)
   defining Unicode char U+0157 (decimal 343)
   defining Unicode char U+0158 (decimal 344)
   defining Unicode char U+0159 (decimal 345)
   defining Unicode char U+015A (decimal 346)
   defining Unicode char U+015B (decimal 347)
   defining Unicode char U+015C (decimal 348)
   defining Unicode char U+015D (decimal 349)
   defining Unicode char U+015E (decimal 350)
   defining Unicode char U+015F (decimal 351)
   defining Unicode char U+0160 (decimal 352)
   defining Unicode char U+0161 (decimal 353)
   defining Unicode char U+0162 (decimal 354)
   defining Unicode char U+0163 (decimal 355)
   defining Unicode char U+0164 (decimal 356)
   defining Unicode char U+0165 (decimal 357)
   defining Unicode char U+0168 (decimal 360)
   defining Unicode char U+0169 (decimal 361)
   defining Unicode char U+016A (decimal 362)
   defining Unicode char U+016B (decimal 363)
   defining Unicode char U+016C (decimal 364)
   defining Unicode char U+016D (decimal 365)
   defining Unicode char U+016E (decimal 366)
   defining Unicode char U+016F (decimal 367)
   defining Unicode char U+0170 (decimal 368)
   defining Unicode char U+0171 (decimal 369)
   defining Unicode char U+0172 (decimal 370)
   defining Unicode char U+0173 (decimal 371)
   defining Unicode char U+0174 (decimal 372)
   defining Unicode char U+0175 (decimal 373)
   defining Unicode char U+0176 (decimal 374)
   defining Unicode char U+0177 (decimal 375)
   defining Unicode char U+0178 (decimal 376)
   defining Unicode char U+0179 (decimal 377)
   defining Unicode char U+017A (decimal 378)
   defining Unicode char U+017B (decimal 379)
   defining Unicode char U+017C (decimal 380)
   defining Unicode char U+017D (decimal 381)
   defining Unicode char U+017E (decimal 382)
   defining Unicode char U+01CD (decimal 461)
   defining Unicode char U+01CE (decimal 462)
   defining Unicode char U+01CF (decimal 463)
   defining Unicode char U+01D0 (decimal 464)
   defining Unicode char U+01D1 (decimal 465)
   defining Unicode char U+01D2 (decimal 466)
   defining Unicode char U+01D3 (decimal 467)
   defining Unicode char U+01D4 (decimal 468)
   defining Unicode char U+01E2 (decimal 482)
   defining Unicode char U+01E3 (decimal 483)
   defining Unicode char U+01E6 (decimal 486)
   defining Unicode char U+01E7 (decimal 487)
   defining Unicode char U+01E8 (decimal 488)
   defining Unicode char U+01E9 (decimal 489)
   defining Unicode char U+01EA (decimal 490)
   defining Unicode char U+01EB (decimal 491)
   defining Unicode char U+01F0 (decimal 496)
   defining Unicode char U+01F4 (decimal 500)
   defining Unicode char U+01F5 (decimal 501)
   defining Unicode char U+0218 (decimal 536)
   defining Unicode char U+0219 (decimal 537)
   defining Unicode char U+021A (decimal 538)
   defining Unicode char U+021B (decimal 539)
   defining Unicode char U+1E02 (decimal 7682)
   defining Unicode char U+1E03 (decimal 7683)
   defining Unicode char U+200C (decimal 8204)
   defining Unicode char U+2010 (decimal 8208)
   defining Unicode char U+2011 (decimal 8209)
   defining Unicode char U+2012 (decimal 8210)
   defining Unicode char U+2013 (decimal 8211)
   defining Unicode char U+2014 (decimal 8212)
   defining Unicode char U+2015 (decimal 8213)
   defining Unicode char U+2018 (decimal 8216)
   defining Unicode char U+2019 (decimal 8217)
   defining Unicode char U+201A (decimal 8218)
   defining Unicode char U+201C (decimal 8220)
   defining Unicode char U+201D (decimal 8221)
   defining Unicode char U+201E (decimal 8222)
   defining Unicode char U+2030 (decimal 8240)
   defining Unicode char U+2031 (decimal 8241)
   defining Unicode char U+2039 (decimal 8249)
   defining Unicode char U+203A (decimal 8250)
   defining Unicode char U+2423 (decimal 9251)
)
Now handling font encoding OT1 ...
... processing UTF-8 mapping file for font encoding OT1

(/opt/tex/texlive2016/texmf-dist/tex/latex/base/ot1enc.dfu
File: ot1enc.dfu 2016/02/28 v1.1s UTF-8 support for inputenc
   defining Unicode char U+00A0 (decimal 160)
   defining Unicode char U+00A1 (decimal 161)
   defining Unicode char U+00A3 (decimal 163)
   defining Unicode char U+00AD (decimal 173)
   defining Unicode char U+00B8 (decimal 184)
   defining Unicode char U+00BF (decimal 191)
   defining Unicode char U+00C5 (decimal 197)
   defining Unicode char U+00C6 (decimal 198)
   defining Unicode char U+00D8 (decimal 216)
   defining Unicode char U+00DF (decimal 223)
   defining Unicode char U+00E6 (decimal 230)
   defining Unicode char U+00EC (decimal 236)
   defining Unicode char U+00ED (decimal 237)
   defining Unicode char U+00EE (decimal 238)
   defining Unicode char U+00EF (decimal 239)
   defining Unicode char U+00F8 (decimal 248)
   defining Unicode char U+0131 (decimal 305)
   defining Unicode char U+0141 (decimal 321)
   defining Unicode char U+0142 (decimal 322)
   defining Unicode char U+0152 (decimal 338)
   defining Unicode char U+0153 (decimal 339)
   defining Unicode char U+0174 (decimal 372)
   defining Unicode char U+0175 (decimal 373)
   defining Unicode char U+0176 (decimal 374)
   defining Unicode char U+0177 (decimal 375)
   defining Unicode char U+0218 (decimal 536)
   defining Unicode char U+0219 (decimal 537)
   defining Unicode char U+021A (decimal 538)
   defining Unicode char U+021B (decimal 539)
   defining Unicode char U+2013 (decimal 8211)
   defining Unicode char U+2014 (decimal 8212)
   defining Unicode char U+2018 (decimal 8216)
   defining Unicode char U+2019 (decimal 8217)
   defining Unicode char U+201C (decimal 8220)
   defining Unicode char U+201D (decimal 8221)
)
Now handling font encoding OMS ...
... processing UTF-8 mapping file for font encoding OMS

(/opt/tex/texlive2016/texmf-dist/tex/latex/base/omsenc.dfu
File: omsenc.dfu 2016/02/28 v1.1s UTF-8 support for inputenc
   defining Unicode char U+00A7 (decimal 167)
   defining Unicode char U+00B6 (decimal 182)
   defining Unicode char U+00B7 (decimal 183)
   defining Unicode char U+2020 (decimal 8224)
   defining Unicode char U+2021 (decimal 8225)
   defining Unicode char U+2022 (decimal 8226)
)
Now handling font encoding OMX ...
... no UTF-8 mapping file for font encoding OMX
Now handling font encoding U ...
... no UTF-8 mapping file for font encoding U
   defining Unicode char U+00A9 (decimal 169)
   defining Unicode char U+00AA (decimal 170)
   defining Unicode char U+00AE (decimal 174)
   defining Unicode char U+00BA (decimal 186)
   defining Unicode char U+02C6 (decimal 710)
   defining Unicode char U+02DC (decimal 732)
   defining Unicode char U+200C (decimal 8204)
   defining Unicode char U+2026 (decimal 8230)
   defining Unicode char U+2122 (decimal 8482)
   defining Unicode char U+2423 (decimal 9251)
))
(/opt/tex/texlive2016/texmf-dist/tex/latex/lm/lmodern.sty
Package: lmodern 2009/10/30 v1.6 Latin Modern Fonts
LaTeX Font Info:    Overwriting symbol font `operators' in version `normal'
(Font)                  OT1/cmr/m/n --> OT1/lmr/m/n on input line 22.
LaTeX Font Info:    Overwriting symbol font `letters' in version `normal'
(Font)                  OML/cmm/m/it --> OML/lmm/m/it on input line 23.
LaTeX Font Info:    Overwriting symbol font `symbols' in version `normal'
(Font)                  OMS/cmsy/m/n --> OMS/lmsy/m/n on input line 24.
LaTeX Font Info:    Overwriting symbol font `largesymbols' in version `normal'
(Font)                  OMX/cmex/m/n --> OMX/lmex/m/n on input line 25.
LaTeX Font Info:    Overwriting symbol font `operators' in version `bold'
(Font)                  OT1/cmr/bx/n --> OT1/lmr/bx/n on input line 26.
LaTeX Font Info:    Overwriting symbol font `letters' in version `bold'
(Font)                  OML/cmm/b/it --> OML/lmm/b/it on input line 27.
LaTeX Font Info:    Overwriting symbol font `symbols' in version `bold'
(Font)                  OMS/cmsy/b/n --> OMS/lmsy/b/n on input line 28.
LaTeX Font Info:    Overwriting symbol font `largesymbols' in version `bold'
(Font)                  OMX/cmex/m/n --> OMX/lmex/m/n on input line 29.
LaTeX Font Info:    Overwriting math alphabet `\mathbf' in version `normal'
(Font)                  OT1/cmr/bx/n --> OT1/lmr/bx/n on input line 31.
LaTeX Font Info:    Overwriting math alphabet `\mathsf' in version `normal'
(Font)                  OT1/cmss/m/n --> OT1/lmss/m/n on input line 32.
LaTeX Font Info:    Overwriting math alphabet `\mathit' in version `normal'
(Font)                  OT1/cmr/m/it --> OT1/lmr/m/it on input line 33.
LaTeX Font Info:    Overwriting math alphabet `\mathtt' in version `normal'
(Font)                  OT1/cmtt/m/n --> OT1/lmtt/m/n on input line 34.
LaTeX Font Info:    Overwriting math alphabet `\mathbf' in version `bold'
(Font)                  OT1/cmr/bx/n --> OT1/lmr/bx/n on input line 35.
LaTeX Font Info:    Overwriting math alphabet `\mathsf' in version `bold'
(Font)                  OT1/cmss/bx/n --> OT1/lmss/bx/n on input line 36.
LaTeX Font Info:    Overwriting math alphabet `\mathit' in version `bold'
(Font)                  OT1/cmr/bx/it --> OT1/lmr/bx/it on input line 37.
LaTeX Font Info:    Overwriting math alphabet `\mathtt' in version `bold'
(Font)                  OT1/cmtt/m/n --> OT1/lmtt/m/n on input line 38.
)
(/opt/tex/texlive2016/texmf-dist/tex/latex/appendix/appendix.sty
Package: appendix 2009/09/02 v1.2b extra appendix facilities
\c@@pps=\count87
\c@@ppsavesec=\count88
\c@@ppsaveapp=\count89
)
(./GetPackages.tex (/opt/tex/texlive2016/texmf-dist/tex/latex/lineno/lineno.sty
Package: lineno 2005/11/02 line numbers on paragraphs v4.41
\linenopenalty=\count90
\output=\toks16
\linenoprevgraf=\count91
\linenumbersep=\dimen103
\linenumberwidth=\dimen104
\c@linenumber=\count92
\c@pagewiselinenumber=\count93
\c@LN@truepage=\count94
\c@internallinenumber=\count95
\c@internallinenumbers=\count96
\quotelinenumbersep=\dimen105
\bframerule=\dimen106
\bframesep=\dimen107
\bframebox=\box26
LaTeX Info: Redefining \\ on input line 3056.
) (/opt/tex/texlive2016/texmf-dist/tex/latex/natbib/bibentry.sty
Package: bibentry 2007/10/30 1.5 (PWD)
)
(/opt/tex/texlive2016/texmf-dist/tex/latex/psnfss/times.sty
Package: times 2005/04/12 PSNFSS-v9.2a (SPQR) 
)
(/opt/tex/texlive2016/texmf-dist/tex/latex/tools/bm.sty
Package: bm 2016/02/27 v1.2a Bold Symbol Support (DPC/FMi)
\symboldoperators=\mathgroup4
\symboldletters=\mathgroup5
\symboldsymbols=\mathgroup6
LaTeX Font Info:    Redeclaring math alphabet \mathbf on input line 142.
LaTeX Info: Redefining \bm on input line 208.
)
(/opt/tex/texlive2016/texmf-dist/tex/latex/amsmath/amsmath.sty
Package: amsmath 2016/03/10 v2.15b AMS math features
\@mathmargin=\skip43

For additional information on amsmath, use the `?' option.
(/opt/tex/texlive2016/texmf-dist/tex/latex/amsmath/amstext.sty
Package: amstext 2000/06/29 v2.01 AMS text

(/opt/tex/texlive2016/texmf-dist/tex/latex/amsmath/amsgen.sty
File: amsgen.sty 1999/11/30 v2.0 generic functions
\@emptytoks=\toks17
\ex@=\dimen108
))
(/opt/tex/texlive2016/texmf-dist/tex/latex/amsmath/amsbsy.sty
Package: amsbsy 1999/11/29 v1.2d Bold Symbols
LaTeX Info: Redefining \boldsymbol on input line 28.
\pmbraise@=\dimen109
)
(/opt/tex/texlive2016/texmf-dist/tex/latex/amsmath/amsopn.sty
Package: amsopn 2016/03/08 v2.02 operator names
)
\inf@bad=\count97
LaTeX Info: Redefining \frac on input line 199.
\uproot@=\count98
\leftroot@=\count99
LaTeX Info: Redefining \overline on input line 297.
\classnum@=\count100
\DOTSCASE@=\count101
LaTeX Info: Redefining \ldots on input line 394.
LaTeX Info: Redefining \dots on input line 397.
LaTeX Info: Redefining \cdots on input line 518.
\Mathstrutbox@=\box27
\strutbox@=\box28
\big@size=\dimen110
LaTeX Font Info:    Redeclaring font encoding OML on input line 634.
LaTeX Font Info:    Redeclaring font encoding OMS on input line 635.
\macc@depth=\count102
\c@MaxMatrixCols=\count103
\dotsspace@=\muskip10
\c@parentequation=\count104
\dspbrk@lvl=\count105
\tag@help=\toks18
\row@=\count106
\column@=\count107
\maxfields@=\count108
\andhelp@=\toks19
\eqnshift@=\dimen111
\alignsep@=\dimen112
\tagshift@=\dimen113
\tagwidth@=\dimen114
\totwidth@=\dimen115
\lineht@=\dimen116
\@envbody=\toks20
\multlinegap=\skip44
\multlinetaggap=\skip45
\mathdisplay@stack=\toks21
LaTeX Info: Redefining \[ on input line 2739.
LaTeX Info: Redefining \] on input line 2740.
)
(/opt/tex/texlive2016/texmf-dist/tex/latex/amsfonts/amssymb.sty
Package: amssymb 2013/01/14 v3.01 AMS font symbols

(/opt/tex/texlive2016/texmf-dist/tex/latex/amsfonts/amsfonts.sty
Package: amsfonts 2013/01/14 v3.01 Basic AMSFonts support
\symAMSa=\mathgroup7
\symAMSb=\mathgroup8
LaTeX Font Info:    Overwriting math alphabet `\mathfrak' in version `bold'
(Font)                  U/euf/m/n --> U/euf/b/n on input line 106.
))
(/opt/tex/texlive2016/texmf-dist/tex/latex/carlisle/slashed.sty
Package: slashed 1997/01/16 v0.01 Feynman Slashed Character Notation (DPC)
)
(/opt/tex/texlive2016/texmf-dist/tex/latex/graphics/graphicx.sty
Package: graphicx 2014/10/28 v1.0g Enhanced LaTeX Graphics (DPC,SPQR)

(/opt/tex/texlive2016/texmf-dist/tex/latex/graphics/keyval.sty
Package: keyval 2014/10/28 v1.15 key=value parser (DPC)
\KV@toks@=\toks22
)
(/opt/tex/texlive2016/texmf-dist/tex/latex/graphics/graphics.sty
Package: graphics 2016/05/09 v1.0r Standard LaTeX Graphics (DPC,SPQR)

(/opt/tex/texlive2016/texmf-dist/tex/latex/graphics/trig.sty
Package: trig 2016/01/03 v1.10 sin cos tan (DPC)
)
(/opt/tex/texlive2016/texmf-dist/tex/latex/graphics-cfg/graphics.cfg
File: graphics.cfg 2016/01/02 v1.10 sample graphics configuration
)
Package graphics Info: Driver file: pdftex.def on input line 96.

(/opt/tex/texlive2016/texmf-dist/tex/latex/pdftex-def/pdftex.def
File: pdftex.def 2011/05/27 v0.06d Graphics/color for pdfTeX

(/opt/tex/texlive2016/texmf-dist/tex/generic/oberdiek/infwarerr.sty
Package: infwarerr 2016/05/16 v1.4 Providing info/warning/error messages (HO)
)
(/opt/tex/texlive2016/texmf-dist/tex/generic/oberdiek/ltxcmds.sty
Package: ltxcmds 2016/05/16 v1.23 LaTeX kernel commands for general use (HO)
)
\Gread@gobject=\count109
))
\Gin@req@height=\dimen117
\Gin@req@width=\dimen118
)
(/opt/tex/texlive2016/texmf-dist/tex/latex/tools/verbatim.sty
Package: verbatim 2014/10/28 v1.5q LaTeX2e package for verbatim enhancements
\every@verbatim=\toks23
\verbatim@line=\toks24
\verbatim@in@stream=\read1
)
(/opt/tex/texlive2016/texmf-dist/tex/latex/graphics/color.sty
Package: color 2016/05/09 v1.1c Standard LaTeX Color (DPC)

(/opt/tex/texlive2016/texmf-dist/tex/latex/graphics-cfg/color.cfg
File: color.cfg 2016/01/02 v1.6 sample color configuration
)
Package color Info: Driver file: pdftex.def on input line 144.
)
(/opt/tex/texlive2016/texmf-dist/tex/latex/subfigure/subfigure.sty
Package: subfigure 2002/03/15 v2.1.5 subfigure package
\subfigtopskip=\skip46
\subfigcapskip=\skip47
\subfigcaptopadj=\dimen119
\subfigbottomskip=\skip48
\subfigcapmargin=\dimen120
\subfiglabelskip=\skip49
\c@subfigure=\count110
\c@lofdepth=\count111
\c@subtable=\count112
\c@lotdepth=\count113

****************************************
* Local config file subfigure.cfg used *
****************************************
(/opt/tex/texlive2016/texmf-dist/tex/latex/subfigure/subfigure.cfg)
\subfig@top=\skip50
\subfig@bottom=\skip51
)
(/opt/tex/texlive2016/texmf-dist/tex/latex/hyperref/hyperref.sty
Package: hyperref 2016/05/05 v6.83n Hypertext links for LaTeX

(/opt/tex/texlive2016/texmf-dist/tex/generic/oberdiek/hobsub-hyperref.sty
Package: hobsub-hyperref 2016/05/16 v1.14 Bundle oberdiek, subset hyperref (HO)


(/opt/tex/texlive2016/texmf-dist/tex/generic/oberdiek/hobsub-generic.sty
Package: hobsub-generic 2016/05/16 v1.14 Bundle oberdiek, subset generic (HO)
Package: hobsub 2016/05/16 v1.14 Construct package bundles (HO)
Package hobsub Info: Skipping package `infwarerr' (already loaded).
Package hobsub Info: Skipping package `ltxcmds' (already loaded).
Package: ifluatex 2016/05/16 v1.4 Provides the ifluatex switch (HO)
Package ifluatex Info: LuaTeX not detected.
Package: ifvtex 2016/05/16 v1.6 Detect VTeX and its facilities (HO)
Package ifvtex Info: VTeX not detected.
Package: intcalc 2016/05/16 v1.2 Expandable calculations with integers (HO)
Package: ifpdf 2016/05/14 v3.1 Provides the ifpdf switch
Package: etexcmds 2016/05/16 v1.6 Avoid name clashes with e-TeX commands (HO)
Package etexcmds Info: Could not find \expanded.
(etexcmds)             That can mean that you are not using pdfTeX 1.50 or
(etexcmds)             that some package has redefined \expanded.
(etexcmds)             In the latter case, load this package earlier.
Package: kvsetkeys 2016/05/16 v1.17 Key value parser (HO)
Package: kvdefinekeys 2016/05/16 v1.4 Define keys (HO)
Package: pdftexcmds 2016/05/10 v0.21 Utility functions of pdfTeX for LuaTeX (HO
)
Package pdftexcmds Info: LuaTeX not detected.
Package pdftexcmds Info: \pdf@primitive is available.
Package pdftexcmds Info: \pdf@ifprimitive is available.
Package pdftexcmds Info: \pdfdraftmode found.
Package: pdfescape 2016/05/16 v1.14 Implements pdfTeX's escape features (HO)
Package: bigintcalc 2016/05/16 v1.4 Expandable calculations on big integers (HO
)
Package: bitset 2016/05/16 v1.2 Handle bit-vector datatype (HO)
Package: uniquecounter 2016/05/16 v1.3 Provide unlimited unique counter (HO)
)
Package hobsub Info: Skipping package `hobsub' (already loaded).
Package: letltxmacro 2016/05/16 v1.5 Let assignment for LaTeX macros (HO)
Package: hopatch 2016/05/16 v1.3 Wrapper for package hooks (HO)
Package: xcolor-patch 2016/05/16 xcolor patch
Package: atveryend 2016/05/16 v1.9 Hooks at the very end of document (HO)
Package atveryend Info: \enddocument detected (standard20110627).
Package: atbegshi 2016/05/16 v1.17 At begin shipout hook (HO)
Package: refcount 2016/05/16 v3.5 Data extraction from label references (HO)
Package: hycolor 2016/05/16 v1.8 Color options for hyperref/bookmark (HO)
)
(/opt/tex/texlive2016/texmf-dist/tex/generic/ifxetex/ifxetex.sty
Package: ifxetex 2010/09/12 v0.6 Provides ifxetex conditional
)
(/opt/tex/texlive2016/texmf-dist/tex/latex/oberdiek/auxhook.sty
Package: auxhook 2016/05/16 v1.4 Hooks for auxiliary files (HO)
)
(/opt/tex/texlive2016/texmf-dist/tex/latex/oberdiek/kvoptions.sty
Package: kvoptions 2016/05/16 v3.12 Key value format for package options (HO)
)
\@linkdim=\dimen121
\Hy@linkcounter=\count114
\Hy@pagecounter=\count115

(/opt/tex/texlive2016/texmf-dist/tex/latex/hyperref/pd1enc.def
File: pd1enc.def 2016/05/05 v6.83n Hyperref: PDFDocEncoding definition (HO)
Now handling font encoding PD1 ...
... no UTF-8 mapping file for font encoding PD1
)
\Hy@SavedSpaceFactor=\count116

(/opt/tex/texlive2016/texmf-dist/tex/latex/latexconfig/hyperref.cfg
File: hyperref.cfg 2002/06/06 v1.2 hyperref configuration of TeXLive
)
Package hyperref Info: Hyper figures OFF on input line 4446.
Package hyperref Info: Link nesting OFF on input line 4451.
Package hyperref Info: Hyper index ON on input line 4454.
Package hyperref Info: Plain pages OFF on input line 4461.
Package hyperref Info: Backreferencing OFF on input line 4466.
Package hyperref Info: Implicit mode ON; LaTeX internals redefined.
Package hyperref Info: Bookmarks ON on input line 4691.
\c@Hy@tempcnt=\count117

(/opt/tex/texlive2016/texmf-dist/tex/latex/url/url.sty
\Urlmuskip=\muskip11
Package: url 2013/09/16  ver 3.4  Verb mode for urls, etc.
)
LaTeX Info: Redefining \url on input line 5044.
\XeTeXLinkMargin=\dimen122
\Fld@menulength=\count118
\Field@Width=\dimen123
\Fld@charsize=\dimen124
Package hyperref Info: Hyper figures OFF on input line 6298.
Package hyperref Info: Link nesting OFF on input line 6303.
Package hyperref Info: Hyper index ON on input line 6306.
Package hyperref Info: backreferencing OFF on input line 6313.
Package hyperref Info: Link coloring OFF on input line 6318.
Package hyperref Info: Link coloring with OCG OFF on input line 6323.
Package hyperref Info: PDF/A mode OFF on input line 6328.
LaTeX Info: Redefining \ref on input line 6368.
LaTeX Info: Redefining \pageref on input line 6372.
\Hy@abspage=\count119
\c@Item=\count120
\c@Hfootnote=\count121
)

Package hyperref Message: Driver (autodetected): hpdftex.

(/opt/tex/texlive2016/texmf-dist/tex/latex/hyperref/hpdftex.def
File: hpdftex.def 2016/05/05 v6.83n Hyperref driver for pdfTeX
\Fld@listcount=\count122
\c@bookmark@seq@number=\count123

(/opt/tex/texlive2016/texmf-dist/tex/latex/oberdiek/rerunfilecheck.sty
Package: rerunfilecheck 2016/05/16 v1.8 Rerun checks for auxiliary files (HO)
Package uniquecounter Info: New unique counter `rerunfilecheck' on input line 2
82.
)
\Hy@SectionHShift=\skip52
)
(/opt/tex/texlive2016/texmf-dist/tex/latex/tools/enumerate.sty
Package: enumerate 2015/07/23 v3.00 enumerate extensions (DPC)
\@enLab=\toks25
)
(/opt/tex/texlive2016/texmf-dist/tex/latex/fmtcount/fmtcount.sty
Package: fmtcount 2015/05/05 v3.01

(/opt/tex/texlive2016/texmf-dist/tex/latex/base/ifthen.sty
Package: ifthen 2014/09/29 v1.1c Standard LaTeX ifthen package (DPC)
)
(/opt/tex/texlive2016/texmf-dist/tex/latex/xkeyval/xkeyval.sty
Package: xkeyval 2014/12/03 v2.7a package option processing (HA)

(/opt/tex/texlive2016/texmf-dist/tex/generic/xkeyval/xkeyval.tex
(/opt/tex/texlive2016/texmf-dist/tex/generic/xkeyval/xkvutils.tex
\XKV@toks=\toks26
\XKV@tempa@toks=\toks27
)
\XKV@depth=\count124
File: xkeyval.tex 2014/12/03 v2.7a key=value parser (HA)
))
(/opt/tex/texlive2016/texmf-dist/tex/latex/etoolbox/etoolbox.sty
Package: etoolbox 2015/08/02 v2.2a e-TeX tools for LaTeX (JAW)
\etb@tempcnta=\count125
)
(/opt/tex/texlive2016/texmf-dist/tex/latex/fmtcount/fcprefix.sty
Package: fcprefix 2012/09/28

(/opt/tex/texlive2016/texmf-dist/tex/latex/fmtcount/fcnumparser.sty
Package: fcnumparser 2012/09/28
\fc@digit@counter=\count126
))
\c@padzeroesN=\count127
\fc@tmpcatcode=\count128
\@DT@modctr=\count129
\@ordinalctr=\count130
\@orgargctr=\count131
\@strctr=\count132
\@tmpstrctr=\count133
\@DT@loopN=\count134
\@DT@X=\count135

(/opt/tex/texlive2016/texmf-dist/tex/latex/fmtcount/fc-english.def
File: fc-english.def 2013/08/17
))
(/opt/tex/texlive2016/texmf-dist/tex/latex/natbib/natbib.sty
Package: natbib 2010/09/13 8.31b (PWD, AO)
\bibhang=\skip53
\bibsep=\skip54
LaTeX Info: Redefining \cite on input line 694.
\c@NAT@ctr=\count136
)
(/opt/tex/texlive2016/texmf-dist/tex/latex/preprint/authblk.sty
Package: authblk 2001/02/27 1.3 (PWD)
\affilsep=\skip55
\@affilsep=\skip56
\c@Maxaffil=\count137
\c@authors=\count138
\c@affil=\count139
))
(/opt/tex/texlive2016/texmf-dist/tex/latex/pdfpages/pdfpages.sty
Package: pdfpages 2016/04/19 v0.5f Insert pages of external PDF documents (AM)

(/opt/tex/texlive2016/texmf-dist/tex/latex/tools/calc.sty
Package: calc 2014/10/28 v4.3 Infix arithmetic (KKT,FJ)
\calc@Acount=\count140
\calc@Bcount=\count141
\calc@Adimen=\dimen125
\calc@Bdimen=\dimen126
\calc@Askip=\skip57
\calc@Bskip=\skip58
LaTeX Info: Redefining \setlength on input line 80.
LaTeX Info: Redefining \addtolength on input line 81.
\calc@Ccount=\count142
\calc@Cskip=\skip59
)
(/opt/tex/texlive2016/texmf-dist/tex/latex/eso-pic/eso-pic.sty
Package: eso-pic 2015/07/21 v2.0g eso-pic (RN)
)
\AM@pagewidth=\dimen127
\AM@pageheight=\dimen128

(/opt/tex/texlive2016/texmf-dist/tex/latex/pdfpages/pppdftex.def
File: pppdftex.def 2016/04/19 v0.5f Pdfpages driver for pdfTeX (AM)
)
\AM@pagebox=\box29
\AM@global@opts=\toks28
\AM@toc@title=\toks29
\c@AM@survey=\count143
\AM@templatesizebox=\box30
)
(./target.aux)
\openout1 = `target.aux'.

LaTeX Font Info:    Checking defaults for OML/cmm/m/it on input line 11.
LaTeX Font Info:    ... okay on input line 11.
LaTeX Font Info:    Checking defaults for T1/cmr/m/n on input line 11.
LaTeX Font Info:    ... okay on input line 11.
LaTeX Font Info:    Checking defaults for OT1/cmr/m/n on input line 11.
LaTeX Font Info:    ... okay on input line 11.
LaTeX Font Info:    Checking defaults for OMS/cmsy/m/n on input line 11.
LaTeX Font Info:    ... okay on input line 11.
LaTeX Font Info:    Checking defaults for OMX/cmex/m/n on input line 11.
LaTeX Font Info:    ... okay on input line 11.
LaTeX Font Info:    Checking defaults for U/cmr/m/n on input line 11.
LaTeX Font Info:    ... okay on input line 11.
LaTeX Font Info:    Checking defaults for PD1/pdf/m/n on input line 11.
LaTeX Font Info:    ... okay on input line 11.
LaTeX Font Info:    Try loading font information for T1+ptm on input line 11.
 (/opt/tex/texlive2016/texmf-dist/tex/latex/psnfss/t1ptm.fd
File: t1ptm.fd 2001/06/04 font definitions for T1/ptm.
)
(/opt/tex/texlive2016/texmf-dist/tex/context/base/mkii/supp-pdf.mkii
[Loading MPS to PDF converter (version 2006.09.02).]
\scratchcounter=\count144
\scratchdimen=\dimen129
\scratchbox=\box31
\nofMPsegments=\count145
\nofMParguments=\count146
\everyMPshowfont=\toks30
\MPscratchCnt=\count147
\MPscratchDim=\dimen130
\MPnumerator=\count148
\makeMPintoPDFobject=\count149
\everyMPtoPDFconversion=\toks31
) (/opt/tex/texlive2016/texmf-dist/tex/latex/oberdiek/epstopdf-base.sty
Package: epstopdf-base 2016/05/15 v2.6 Base part for package epstopdf

(/opt/tex/texlive2016/texmf-dist/tex/latex/oberdiek/grfext.sty
Package: grfext 2016/05/16 v1.2 Manage graphics extensions (HO)
)
Package grfext Info: Graphics extension search list:
(grfext)             [.png,.pdf,.jpg,.mps,.jpeg,.jbig2,.jb2,.PNG,.PDF,.JPG,.JPE
G,.JBIG2,.JB2,.eps]
(grfext)             \AppendGraphicsExtensions on input line 456.

(/opt/tex/texlive2016/texmf-dist/tex/latex/latexconfig/epstopdf-sys.cfg
File: epstopdf-sys.cfg 2010/07/13 v1.3 Configuration of (r)epstopdf for TeX Liv
e
))
\AtBeginShipoutBox=\box32
Package hyperref Info: Link coloring OFF on input line 11.

(/opt/tex/texlive2016/texmf-dist/tex/latex/hyperref/nameref.sty
Package: nameref 2012/10/27 v2.43 Cross-referencing by name of section

(/opt/tex/texlive2016/texmf-dist/tex/generic/oberdiek/gettitlestring.sty
Package: gettitlestring 2016/05/16 v1.5 Cleanup title references (HO)
)
\c@section@level=\count150
)
LaTeX Info: Redefining \ref on input line 11.
LaTeX Info: Redefining \pageref on input line 11.
LaTeX Info: Redefining \nameref on input line 11.

(./target.out) (./target.out)
\@outlinefile=\write3
\openout3 = `target.out'.


(/opt/tex/texlive2016/texmf-dist/tex/latex/oberdiek/pdflscape.sty
Package: pdflscape 2016/05/14 v0.11 Display of landscape pages in PDF (HO)

(/opt/tex/texlive2016/texmf-dist/tex/latex/graphics/lscape.sty
Package: lscape 2000/10/22 v3.01 Landscape Pages (DPC)
)
Package pdflscape Info: Auto-detected driver: pdftex on input line 81.
)
LaTeX Font Info:    Font shape `T1/ptm/bx/n' in size <14.4> not available
(Font)              Font shape `T1/ptm/b/n' tried instead on input line 14.
 (./target.toc
LaTeX Font Info:    Font shape `T1/ptm/bx/n' in size <10.95> not available
(Font)              Font shape `T1/ptm/b/n' tried instead on input line 1.
LaTeX Font Info:    Try loading font information for OT1+lmr on input line 5.

(/opt/tex/texlive2016/texmf-dist/tex/latex/lm/ot1lmr.fd
File: ot1lmr.fd 2009/10/30 v1.6 Font defs for Latin Modern
)
LaTeX Font Info:    Try loading font information for OML+lmm on input line 5.

(/opt/tex/texlive2016/texmf-dist/tex/latex/lm/omllmm.fd
File: omllmm.fd 2009/10/30 v1.6 Font defs for Latin Modern
)
LaTeX Font Info:    Try loading font information for OMS+lmsy on input line 5.

(/opt/tex/texlive2016/texmf-dist/tex/latex/lm/omslmsy.fd
File: omslmsy.fd 2009/10/30 v1.6 Font defs for Latin Modern
)
LaTeX Font Info:    Try loading font information for OMX+lmex on input line 5.

(/opt/tex/texlive2016/texmf-dist/tex/latex/lm/omxlmex.fd
File: omxlmex.fd 2009/10/30 v1.6 Font defs for Latin Modern
)
LaTeX Font Info:    External font `lmex10' loaded for size
(Font)              <10.95> on input line 5.
LaTeX Font Info:    External font `lmex10' loaded for size
(Font)              <8> on input line 5.
LaTeX Font Info:    External font `lmex10' loaded for size
(Font)              <6> on input line 5.
LaTeX Font Info:    Try loading font information for U+msa on input line 5.

(/opt/tex/texlive2016/texmf-dist/tex/latex/amsfonts/umsa.fd
File: umsa.fd 2013/01/14 v3.01 AMS symbols A
)
LaTeX Font Info:    Try loading font information for U+msb on input line 5.

(/opt/tex/texlive2016/texmf-dist/tex/latex/amsfonts/umsb.fd
File: umsb.fd 2013/01/14 v3.01 AMS symbols B
))
\tf@toc=\write4
\openout4 = `target.toc'.

LaTeX Font Info:    Font shape `T1/ptm/bx/n' in size <10> not available
(Font)              Font shape `T1/ptm/b/n' tried instead on input line 16.
 [1

{/opt/tex/texlive2016/texmf-var/fonts/map/pdftex/updmap/pdftex.map}] [2]
<./figures/XZGeom-v6-Q1-y=6cm-Zoom.png, id=63, 900.36375pt x 893.3375pt>
File: ./figures/XZGeom-v6-Q1-y=6cm-Zoom.png Graphic file (type png)

<use ./figures/XZGeom-v6-Q1-y=6cm-Zoom.png>
Package pdftex.def Info: ./figures/XZGeom-v6-Q1-y=6cm-Zoom.png used on input li
ne 117.
(pdftex.def)             Requested size: 251.9989pt x 250.02374pt.

<./figures/XYGeom-v6-Q1-z=22cm.png, id=64, 901.3675pt x 901.3675pt>
File: ./figures/XYGeom-v6-Q1-z=22cm.png Graphic file (type png)

<use ./figures/XYGeom-v6-Q1-z=22cm.png>
Package pdftex.def Info: ./figures/XYGeom-v6-Q1-z=22cm.png used on input line 1
25.
(pdftex.def)             Requested size: 223.19824pt x 223.19572pt.

<./figures/XZGeom-v6-Q1-y=6cm.png, id=65, 896.34875pt x 897.3525pt>
File: ./figures/XZGeom-v6-Q1-y=6cm.png Graphic file (type png)

<use ./figures/XZGeom-v6-Q1-y=6cm.png>
Package pdftex.def Info: ./figures/XZGeom-v6-Q1-y=6cm.png used on input line 13
3.
(pdftex.def)             Requested size: 223.19824pt x 223.44756pt.
 [3 <./figures/XZGeom-v6-Q1-y=6cm-Zoom.png>]

LaTeX Warning: Text page 4 contains only floats.

[4 <./figures/XYGeom-v6-Q1-z=22cm.png> <./figures/XZGeom-v6-Q1-y=6cm.png>]
<./figures/PiPlusMomentum650+700+750+800MeV2.png, id=88, 698.61pt x 475.7775pt>
File: ./figures/PiPlusMomentum650+700+750+800MeV2.png Graphic file (type png)
<use ./figures/PiPlusMomentum650+700+750+800MeV2.png>
Package pdftex.def Info: ./figures/PiPlusMomentum650+700+750+800MeV2.png used o
n input line 149.
(pdftex.def)             Requested size: 360.0pt x 245.17696pt.
 [5 <./figures/PiPlusMomentum650+700+750+800MeV2.png>]
LaTeX Font Info:    Font shape `T1/ptm/bx/n' in size <12> not available
(Font)              Font shape `T1/ptm/b/n' tried instead on input line 161.

<./figures/3-140+M3-Test4_650MeV_RecoMC_data.png, id=104, 1202.99437pt x 737.75
626pt>
File: ./figures/3-140+M3-Test4_650MeV_RecoMC_data.png Graphic file (type png)
 <use ./figures/3-140+M3-Test4_650MeV_RecoMC_data.png>
Package pdftex.def Info: ./figures/3-140+M3-Test4_650MeV_RecoMC_data.png used o
n input line 173.
(pdftex.def)             Requested size: 360.0pt x 220.77698pt.

<./figures/3-140+M3-Test4_700MeV_RecoMC_data.png, id=105, 1202.99437pt x 737.75
626pt>
File: ./figures/3-140+M3-Test4_700MeV_RecoMC_data.png Graphic file (type png)
 <use ./figures/3-140+M3-Test4_700MeV_RecoMC_data.png>
Package pdftex.def Info: ./figures/3-140+M3-Test4_700MeV_RecoMC_data.png used o
n input line 181.
(pdftex.def)             Requested size: 360.0pt x 220.77698pt.

<./figures/3-140+M3-Test4_750MeV_RecoMC_data.png, id=106, 1202.99437pt x 737.75
626pt>
File: ./figures/3-140+M3-Test4_750MeV_RecoMC_data.png Graphic file (type png)
 <use ./figures/3-140+M3-Test4_750MeV_RecoMC_data.png>
Package pdftex.def Info: ./figures/3-140+M3-Test4_750MeV_RecoMC_data.png used o
n input line 189.
(pdftex.def)             Requested size: 360.0pt x 220.77698pt.

<./figures/3-140+M3-Test4_800MeV_RecoMC_data.png, id=107, 1202.99437pt x 737.75
626pt>
File: ./figures/3-140+M3-Test4_800MeV_RecoMC_data.png Graphic file (type png)
 <use ./figures/3-140+M3-Test4_800MeV_RecoMC_data.png>
Package pdftex.def Info: ./figures/3-140+M3-Test4_800MeV_RecoMC_data.png used o
n input line 197.
(pdftex.def)             Requested size: 360.0pt x 220.77698pt.
 [6 <./figures/3-140+M3-Test4_650MeV_RecoMC_data.png (PNG copy)>] [7 <./figures
/3-140+M3-Test4_700MeV_RecoMC_data.png (PNG copy)> <./figures/3-140+M3-Test4_75
0MeV_RecoMC_data.png (PNG copy)>] <./figures/LM1.jpg, id=125, 3902.58pt x 2601.
72pt>
File: ./figures/LM1.jpg Graphic file (type jpg)

<use ./figures/LM1.jpg>
Package pdftex.def Info: ./figures/LM1.jpg used on input line 217.
(pdftex.def)             Requested size: 360.0pt x 239.98045pt.
 <./figures/LM4.jpg, id=126, 2457.18pt x 3276.24pt>
File: ./figures/LM4.jpg Graphic file (type jpg)

<use ./figures/LM4.jpg>
Package pdftex.def Info: ./figures/LM4.jpg used on input line 225.
(pdftex.def)             Requested size: 360.0pt x 479.96678pt.

<./figures/LM2.png, id=127, 1188.69093pt x 673.01437pt>
File: ./figures/LM2.png Graphic file (type png)

<use ./figures/LM2.png>
Package pdftex.def Info: ./figures/LM2.png used on input line 236.
(pdftex.def)             Requested size: 288.0011pt x 163.05688pt.
 <./figures/LM3.jpg, id=128, 3902.58pt x 2601.72pt>
File: ./figures/LM3.jpg Graphic file (type jpg)

<use ./figures/LM3.jpg>
Package pdftex.def Info: ./figures/LM3.jpg used on input line 240.
(pdftex.def)             Requested size: 288.0011pt x 191.98436pt.
 <./figures/LM5.pdf, id=129, 791.35652pt x 465.4188pt>
File: ./figures/LM5.pdf Graphic file (type pdf)

<use ./figures/LM5.pdf>
Package pdftex.def Info: ./figures/LM5.pdf used on input line 242.
(pdftex.def)             Requested size: 288.0011pt x 169.38287pt.
 [8 <./figures/3-140+M3-Test4_800MeV_RecoMC_data.png (PNG copy)>] [9 <./figures
/LM1.jpg>] [10 <./figures/LM4.jpg>] [11 <./figures/LM2.png (PNG copy)> <./figur
es/LM3.jpg> <./figures/LM5.pdf>]
Overfull \hbox (30.83337pt too wide) in paragraph at lines 259--260
[]\T1/ptm/m/n/10.95 MICE note #216, http://mice.iit.edu/micenotes/public/pdf/MI
CE0216/MICE0216.pdf 
 []


Overfull \hbox (30.83337pt too wide) in paragraph at lines 260--261
[]\T1/ptm/m/n/10.95 MICE note #242, http://mice.iit.edu/micenotes/public/pdf/MI
CE0242/MICE0242.pdf 
 []


Overfull \hbox (30.83337pt too wide) in paragraph at lines 261--262
[]\T1/ptm/m/n/10.95 MICE note #480, http://mice.iit.edu/micenotes/public/pdf/MI
CE0480/MICE0480.pdf 
 []

LaTeX Font Info:    Font shape `T1/ptm/bx/n' in size <20.74> not available
(Font)              Font shape `T1/ptm/b/n' tried instead on input line 271.
<./figures/BeampipeSurvey1.pdf, id=157, 1194.4625pt x 845.1575pt>
File: ./figures/BeampipeSurvey1.pdf Graphic file (type pdf)

<use ./figures/BeampipeSurvey1.pdf>
Package pdftex.def Info: ./figures/BeampipeSurvey1.pdf used on input line 274.
(pdftex.def)             Requested size: 1194.45958pt x 845.15544pt.
File: ./figures/BeampipeSurvey1.pdf Graphic file (type pdf)
 <use ./figures/BeampipeSurvey1.pdf>
Package pdftex.def Info: ./figures/BeampipeSurvey1.pdf used on input line 274.
(pdftex.def)             Requested size: 1194.45958pt x 845.15544pt.

<./figures/BeampipeSurvey1.pdf, id=160, page=1, 1194.4625pt x 845.1575pt>
File: ./figures/BeampipeSurvey1.pdf Graphic file (type pdf)

<use ./figures/BeampipeSurvey1.pdf, page 1>
Package pdftex.def Info: ./figures/BeampipeSurvey1.pdf, page1 used on input lin
e 274.
(pdftex.def)             Requested size: 1194.45958pt x 845.15544pt.
File: ./figures/BeampipeSurvey1.pdf Graphic file (type pdf)

<use ./figures/BeampipeSurvey1.pdf, page 1>
Package pdftex.def Info: ./figures/BeampipeSurvey1.pdf, page1 used on input lin
e 274.
(pdftex.def)             Requested size: 597.72188pt x 422.9259pt.
 [12]
File: ./figures/BeampipeSurvey1.pdf Graphic file (type pdf)

<use ./figures/BeampipeSurvey1.pdf, page 1>
Package pdftex.def Info: ./figures/BeampipeSurvey1.pdf, page1 used on input lin
e 274.
(pdftex.def)             Requested size: 597.72188pt x 422.9259pt.
File: ./figures/BeampipeSurvey1.pdf Graphic file (type pdf)

<use ./figures/BeampipeSurvey1.pdf, page 1>
Package pdftex.def Info: ./figures/BeampipeSurvey1.pdf, page1 used on input lin
e 274.
(pdftex.def)             Requested size: 597.72188pt x 422.9259pt.
File: ./figures/BeampipeSurvey1.pdf Graphic file (type pdf)

<use ./figures/BeampipeSurvey1.pdf, page 1>
Package pdftex.def Info: ./figures/BeampipeSurvey1.pdf, page1 used on input lin
e 274.
(pdftex.def)             Requested size: 597.72188pt x 422.9259pt.
 [13 <./figures/BeampipeSurvey1.pdf>] <./figures/BeampipeSurvey2.pdf, id=176, 1
194.4625pt x 845.1575pt>
File: ./figures/BeampipeSurvey2.pdf Graphic file (type pdf)

<use ./figures/BeampipeSurvey2.pdf>
Package pdftex.def Info: ./figures/BeampipeSurvey2.pdf used on input line 275.
(pdftex.def)             Requested size: 1194.45958pt x 845.15544pt.
File: ./figures/BeampipeSurvey2.pdf Graphic file (type pdf)
 <use ./figures/BeampipeSurvey2.pdf>
Package pdftex.def Info: ./figures/BeampipeSurvey2.pdf used on input line 275.
(pdftex.def)             Requested size: 1194.45958pt x 845.15544pt.

<./figures/BeampipeSurvey2.pdf, id=179, page=1, 1194.4625pt x 845.1575pt>
File: ./figures/BeampipeSurvey2.pdf Graphic file (type pdf)

<use ./figures/BeampipeSurvey2.pdf, page 1>
Package pdftex.def Info: ./figures/BeampipeSurvey2.pdf, page1 used on input lin
e 275.
(pdftex.def)             Requested size: 1194.45958pt x 845.15544pt.
File: ./figures/BeampipeSurvey2.pdf Graphic file (type pdf)

<use ./figures/BeampipeSurvey2.pdf, page 1>
Package pdftex.def Info: ./figures/BeampipeSurvey2.pdf, page1 used on input lin
e 275.
(pdftex.def)             Requested size: 597.72188pt x 422.9259pt.
File: ./figures/BeampipeSurvey2.pdf Graphic file (type pdf)

<use ./figures/BeampipeSurvey2.pdf, page 1>
Package pdftex.def Info: ./figures/BeampipeSurvey2.pdf, page1 used on input lin
e 275.
(pdftex.def)             Requested size: 597.72188pt x 422.9259pt.
File: ./figures/BeampipeSurvey2.pdf Graphic file (type pdf)

<use ./figures/BeampipeSurvey2.pdf, page 1>
Package pdftex.def Info: ./figures/BeampipeSurvey2.pdf, page1 used on input lin
e 275.
(pdftex.def)             Requested size: 597.72188pt x 422.9259pt.
File: ./figures/BeampipeSurvey2.pdf Graphic file (type pdf)

<use ./figures/BeampipeSurvey2.pdf, page 1>
Package pdftex.def Info: ./figures/BeampipeSurvey2.pdf, page1 used on input lin
e 275.
(pdftex.def)             Requested size: 597.72188pt x 422.9259pt.
 [14 <./figures/BeampipeSurvey2.pdf>] <./figures/BeampipeSurvey3.pdf, id=186, 1
194.4625pt x 845.1575pt>
File: ./figures/BeampipeSurvey3.pdf Graphic file (type pdf)

<use ./figures/BeampipeSurvey3.pdf>
Package pdftex.def Info: ./figures/BeampipeSurvey3.pdf used on input line 276.
(pdftex.def)             Requested size: 1194.45958pt x 845.15544pt.
File: ./figures/BeampipeSurvey3.pdf Graphic file (type pdf)
 <use ./figures/BeampipeSurvey3.pdf>
Package pdftex.def Info: ./figures/BeampipeSurvey3.pdf used on input line 276.
(pdftex.def)             Requested size: 1194.45958pt x 845.15544pt.

<./figures/BeampipeSurvey3.pdf, id=189, page=1, 1194.4625pt x 845.1575pt>
File: ./figures/BeampipeSurvey3.pdf Graphic file (type pdf)

<use ./figures/BeampipeSurvey3.pdf, page 1>
Package pdftex.def Info: ./figures/BeampipeSurvey3.pdf, page1 used on input lin
e 276.
(pdftex.def)             Requested size: 1194.45958pt x 845.15544pt.
File: ./figures/BeampipeSurvey3.pdf Graphic file (type pdf)

<use ./figures/BeampipeSurvey3.pdf, page 1>
Package pdftex.def Info: ./figures/BeampipeSurvey3.pdf, page1 used on input lin
e 276.
(pdftex.def)             Requested size: 597.72188pt x 422.9259pt.
File: ./figures/BeampipeSurvey3.pdf Graphic file (type pdf)

<use ./figures/BeampipeSurvey3.pdf, page 1>
Package pdftex.def Info: ./figures/BeampipeSurvey3.pdf, page1 used on input lin
e 276.
(pdftex.def)             Requested size: 597.72188pt x 422.9259pt.
File: ./figures/BeampipeSurvey3.pdf Graphic file (type pdf)

<use ./figures/BeampipeSurvey3.pdf, page 1>
Package pdftex.def Info: ./figures/BeampipeSurvey3.pdf, page1 used on input lin
e 276.
(pdftex.def)             Requested size: 597.72188pt x 422.9259pt.
File: ./figures/BeampipeSurvey3.pdf Graphic file (type pdf)

<use ./figures/BeampipeSurvey3.pdf, page 1>
Package pdftex.def Info: ./figures/BeampipeSurvey3.pdf, page1 used on input lin
e 276.
(pdftex.def)             Requested size: 597.72188pt x 422.9259pt.
 [15 <./figures/BeampipeSurvey3.pdf>] <./figures/IsisGeometry.pdf, id=196, 1194
.4625pt x 845.1575pt>
File: ./figures/IsisGeometry.pdf Graphic file (type pdf)

<use ./figures/IsisGeometry.pdf>
Package pdftex.def Info: ./figures/IsisGeometry.pdf used on input line 277.
(pdftex.def)             Requested size: 1194.45958pt x 845.15544pt.
File: ./figures/IsisGeometry.pdf Graphic file (type pdf)
 <use ./figures/IsisGeometry.pdf>
Package pdftex.def Info: ./figures/IsisGeometry.pdf used on input line 277.
(pdftex.def)             Requested size: 1194.45958pt x 845.15544pt.

<./figures/IsisGeometry.pdf, id=199, page=1, 1194.4625pt x 845.1575pt>
File: ./figures/IsisGeometry.pdf Graphic file (type pdf)

<use ./figures/IsisGeometry.pdf, page 1>
Package pdftex.def Info: ./figures/IsisGeometry.pdf, page1 used on input line 2
77.
(pdftex.def)             Requested size: 1194.45958pt x 845.15544pt.
File: ./figures/IsisGeometry.pdf Graphic file (type pdf)

<use ./figures/IsisGeometry.pdf, page 1>
Package pdftex.def Info: ./figures/IsisGeometry.pdf, page1 used on input line 2
77.
(pdftex.def)             Requested size: 597.72188pt x 422.9259pt.
File: ./figures/IsisGeometry.pdf Graphic file (type pdf)

<use ./figures/IsisGeometry.pdf, page 1>
Package pdftex.def Info: ./figures/IsisGeometry.pdf, page1 used on input line 2
77.
(pdftex.def)             Requested size: 597.72188pt x 422.9259pt.
File: ./figures/IsisGeometry.pdf Graphic file (type pdf)

<use ./figures/IsisGeometry.pdf, page 1>
Package pdftex.def Info: ./figures/IsisGeometry.pdf, page1 used on input line 2
77.
(pdftex.def)             Requested size: 597.72188pt x 422.9259pt.
File: ./figures/IsisGeometry.pdf Graphic file (type pdf)

<use ./figures/IsisGeometry.pdf, page 1>
Package pdftex.def Info: ./figures/IsisGeometry.pdf, page1 used on input line 2
77.
(pdftex.def)             Requested size: 597.72188pt x 422.9259pt.
 [16 <./figures/IsisGeometry.pdf>]
Package atveryend Info: Empty hook `BeforeClearDocument' on input line 281.
Package atveryend Info: Empty hook `AfterLastShipout' on input line 281.

(./target.aux)
Package atveryend Info: Executing hook `AtVeryEndDocument' on input line 281.
Package atveryend Info: Executing hook `AtEndAfterFileList' on input line 281.
Package rerunfilecheck Info: File `target.out' has not changed.
(rerunfilecheck)             Checksum: C9F693420F3740E7E8FA42D85EFF2F34;444.


LaTeX Warning: Label(s) may have changed. Rerun to get cross-references right.

Package atveryend Info: Empty hook `AtVeryVeryEnd' on input line 281.
 ) 
Here is how much of TeX's memory you used:
 9378 strings out of 493014
 134748 string characters out of 6107632
 239028 words of memory out of 5000000
 12643 multiletter control sequences out of 15000+600000
 55958 words of font info for 61 fonts, out of 8000000 for 9000
 1141 hyphenation exceptions out of 8191
 39i,18n,48p,1220b,571s stack positions out of 5000i,500n,10000p,200000b,80000s
{/opt/tex/texlive2016/texmf-dist/fonts/enc/dvips/lm/lm-rm.enc}{/opt/tex/texli
ve2016/texmf-dist/fonts/enc/dvips/lm/lm-mathit.enc}{/opt/tex/texlive2016/texmf-
dist/fonts/enc/dvips/lm/lm-mathsy.enc}{/opt/tex/texlive2016/texmf-dist/fonts/en
c/dvips/base/8r.enc}</opt/tex/texlive2016/texmf-dist/fonts/type1/public/lm/lmmi
10.pfb></opt/tex/texlive2016/texmf-dist/fonts/type1/public/lm/lmmi8.pfb></opt/t
ex/texlive2016/texmf-dist/fonts/type1/public/lm/lmr10.pfb></opt/tex/texlive2016
/texmf-dist/fonts/type1/public/lm/lmr8.pfb></opt/tex/texlive2016/texmf-dist/fon
ts/type1/public/lm/lmsy10.pfb></opt/tex/texlive2016/texmf-dist/fonts/type1/urw/
times/utmb8a.pfb></opt/tex/texlive2016/texmf-dist/fonts/type1/urw/times/utmr8a.
pfb>
Output written on target.pdf (16 pages, 12684052 bytes).
PDF statistics:
 247 PDF objects out of 1000 (max. 8388607)
 185 compressed objects within 2 object streams
 48 named destinations out of 1000 (max. 500000)
 210 words of extra memory for PDF output out of 10000 (max. 10000000)

